2012-05-23 14:38:50 Error: [PDOException] SQLSTATE[42S22]: Column not found: 1054 Unknown column 'User.group_id' in 'field list'
#0 /var/www/leviatan/lib/Cake/Model/Datasource/DboSource.php(437): PDOStatement->execute(Array)
#1 /var/www/leviatan/lib/Cake/Model/Datasource/DboSource.php(403): DboSource->_execute('SELECT `User`.`...', Array)
#2 /var/www/leviatan/lib/Cake/Model/Datasource/DboSource.php(647): DboSource->execute('SELECT `User`.`...', Array, Array)
#3 /var/www/leviatan/lib/Cake/Model/Datasource/DboSource.php(1058): DboSource->fetchAll('SELECT `User`.`...', false)
#4 /var/www/leviatan/lib/Cake/Model/Model.php(2663): DboSource->read(Object(User), Array)
#5 /var/www/leviatan/lib/Cake/Model/Model.php(1518): Model->find('first', Array)
#6 /var/www/leviatan/app/Model/User.php(49): Model->field('group_id')
#7 /var/www/leviatan/lib/Cake/Model/Behavior/AclBehavior.php(104): User->parentNode()
#8 [internal function]: AclBehavior->afterSave(Object(User), true, Array)
#9 /var/www/leviatan/lib/Cake/Utility/ObjectCollection.php(130): call_user_func_array(Array, Array)
#10 [internal function]: ObjectCollection->trigger(Object(CakeEvent))
#11 /var/www/leviatan/lib/Cake/Event/CakeEventManager.php(246): call_user_func(Array, Object(CakeEvent))
#12 /var/www/leviatan/lib/Cake/Model/Model.php(1730): CakeEventManager->dispatch(Object(CakeEvent))
#13 /var/www/leviatan/app/Controller/UsersController.php(43): Model->save(Array)
#14 [internal function]: UsersController->add()
#15 /var/www/leviatan/lib/Cake/Controller/Controller.php(485): ReflectionMethod->invokeArgs(Object(UsersController), Array)
#16 /var/www/leviatan/lib/Cake/Routing/Dispatcher.php(103): Controller->invokeAction(Object(CakeRequest))
#17 /var/www/leviatan/lib/Cake/Routing/Dispatcher.php(85): Dispatcher->_invoke(Object(UsersController), Object(CakeRequest), Object(CakeResponse))
#18 /var/www/leviatan/app/webroot/index.php(92): Dispatcher->dispatch(Object(CakeRequest), Object(CakeResponse))
#19 {main}
2012-05-23 14:40:01 Error: [CakeException] AclNode::node() - Couldn't find Aro node identified by "Array
(
    [Aro0.model] => Group
    [Aro0.foreign_key] => 1
)
"
#0 /var/www/leviatan/lib/Cake/Model/Behavior/AclBehavior.php(88): AclNode->node(Array)
#1 /var/www/leviatan/lib/Cake/Model/Behavior/AclBehavior.php(106): AclBehavior->node(Object(User), Array, 'Aro')
#2 [internal function]: AclBehavior->afterSave(Object(User), true, Array)
#3 /var/www/leviatan/lib/Cake/Utility/ObjectCollection.php(130): call_user_func_array(Array, Array)
#4 [internal function]: ObjectCollection->trigger(Object(CakeEvent))
#5 /var/www/leviatan/lib/Cake/Event/CakeEventManager.php(246): call_user_func(Array, Object(CakeEvent))
#6 /var/www/leviatan/lib/Cake/Model/Model.php(1730): CakeEventManager->dispatch(Object(CakeEvent))
#7 /var/www/leviatan/app/Controller/UsersController.php(43): Model->save(Array)
#8 [internal function]: UsersController->add()
#9 /var/www/leviatan/lib/Cake/Controller/Controller.php(485): ReflectionMethod->invokeArgs(Object(UsersController), Array)
#10 /var/www/leviatan/lib/Cake/Routing/Dispatcher.php(103): Controller->invokeAction(Object(CakeRequest))
#11 /var/www/leviatan/lib/Cake/Routing/Dispatcher.php(85): Dispatcher->_invoke(Object(UsersController), Object(CakeRequest), Object(CakeResponse))
#12 /var/www/leviatan/app/webroot/index.php(92): Dispatcher->dispatch(Object(CakeRequest), Object(CakeResponse))
#13 {main}
2012-05-23 14:40:50 Error: [PDOException] SQLSTATE[23000]: Integrity constraint violation: 1062 Duplicate entry 'admin' for key 'username'
#0 /var/www/leviatan/lib/Cake/Model/Datasource/DboSource.php(437): PDOStatement->execute(Array)
#1 /var/www/leviatan/lib/Cake/Model/Datasource/DboSource.php(403): DboSource->_execute('INSERT INTO `le...', Array)
#2 /var/www/leviatan/lib/Cake/Model/Datasource/DboSource.php(985): DboSource->execute('INSERT INTO `le...')
#3 /var/www/leviatan/lib/Cake/Model/Model.php(1705): DboSource->create(Object(User), Array, Array)
#4 /var/www/leviatan/app/Controller/UsersController.php(43): Model->save(Array)
#5 [internal function]: UsersController->add()
#6 /var/www/leviatan/lib/Cake/Controller/Controller.php(485): ReflectionMethod->invokeArgs(Object(UsersController), Array)
#7 /var/www/leviatan/lib/Cake/Routing/Dispatcher.php(103): Controller->invokeAction(Object(CakeRequest))
#8 /var/www/leviatan/lib/Cake/Routing/Dispatcher.php(85): Dispatcher->_invoke(Object(UsersController), Object(CakeRequest), Object(CakeResponse))
#9 /var/www/leviatan/app/webroot/index.php(92): Dispatcher->dispatch(Object(CakeRequest), Object(CakeResponse))
#10 {main}
2012-05-23 14:42:03 Error: [CakeException] AclNode::node() - Couldn't find Aro node identified by "Array
(
    [Aro0.model] => Group
    [Aro0.foreign_key] => 1
)
"
#0 /var/www/leviatan/lib/Cake/Model/Behavior/AclBehavior.php(88): AclNode->node(Array)
#1 /var/www/leviatan/lib/Cake/Model/Behavior/AclBehavior.php(106): AclBehavior->node(Object(User), Array, 'Aro')
#2 [internal function]: AclBehavior->afterSave(Object(User), true, Array)
#3 /var/www/leviatan/lib/Cake/Utility/ObjectCollection.php(130): call_user_func_array(Array, Array)
#4 [internal function]: ObjectCollection->trigger(Object(CakeEvent))
#5 /var/www/leviatan/lib/Cake/Event/CakeEventManager.php(246): call_user_func(Array, Object(CakeEvent))
#6 /var/www/leviatan/lib/Cake/Model/Model.php(1730): CakeEventManager->dispatch(Object(CakeEvent))
#7 /var/www/leviatan/app/Controller/UsersController.php(43): Model->save(Array)
#8 [internal function]: UsersController->add()
#9 /var/www/leviatan/lib/Cake/Controller/Controller.php(485): ReflectionMethod->invokeArgs(Object(UsersController), Array)
#10 /var/www/leviatan/lib/Cake/Routing/Dispatcher.php(103): Controller->invokeAction(Object(CakeRequest))
#11 /var/www/leviatan/lib/Cake/Routing/Dispatcher.php(85): Dispatcher->_invoke(Object(UsersController), Object(CakeRequest), Object(CakeResponse))
#12 /var/www/leviatan/app/webroot/index.php(92): Dispatcher->dispatch(Object(CakeRequest), Object(CakeResponse))
#13 {main}
2012-05-23 14:44:34 Error: [CakeException] AclNode::node() - Couldn't find Aro node identified by "Array
(
    [Aro0.model] => Group
    [Aro0.foreign_key] => 2
)
"
#0 /var/www/leviatan/lib/Cake/Model/Behavior/AclBehavior.php(88): AclNode->node(Array)
#1 /var/www/leviatan/lib/Cake/Model/Behavior/AclBehavior.php(106): AclBehavior->node(Object(User), Array, 'Aro')
#2 [internal function]: AclBehavior->afterSave(Object(User), true, Array)
#3 /var/www/leviatan/lib/Cake/Utility/ObjectCollection.php(130): call_user_func_array(Array, Array)
#4 [internal function]: ObjectCollection->trigger(Object(CakeEvent))
#5 /var/www/leviatan/lib/Cake/Event/CakeEventManager.php(246): call_user_func(Array, Object(CakeEvent))
#6 /var/www/leviatan/lib/Cake/Model/Model.php(1730): CakeEventManager->dispatch(Object(CakeEvent))
#7 /var/www/leviatan/app/Controller/UsersController.php(43): Model->save(Array)
#8 [internal function]: UsersController->add()
#9 /var/www/leviatan/lib/Cake/Controller/Controller.php(485): ReflectionMethod->invokeArgs(Object(UsersController), Array)
#10 /var/www/leviatan/lib/Cake/Routing/Dispatcher.php(103): Controller->invokeAction(Object(CakeRequest))
#11 /var/www/leviatan/lib/Cake/Routing/Dispatcher.php(85): Dispatcher->_invoke(Object(UsersController), Object(CakeRequest), Object(CakeResponse))
#12 /var/www/leviatan/app/webroot/index.php(92): Dispatcher->dispatch(Object(CakeRequest), Object(CakeResponse))
#13 {main}
2012-05-23 14:44:54 Error: [CakeException] AclNode::node() - Couldn't find Aro node identified by "Array
(
    [Aro0.model] => Group
    [Aro0.foreign_key] => 3
)
"
#0 /var/www/leviatan/lib/Cake/Model/Behavior/AclBehavior.php(88): AclNode->node(Array)
#1 /var/www/leviatan/lib/Cake/Model/Behavior/AclBehavior.php(106): AclBehavior->node(Object(User), Array, 'Aro')
#2 [internal function]: AclBehavior->afterSave(Object(User), true, Array)
#3 /var/www/leviatan/lib/Cake/Utility/ObjectCollection.php(130): call_user_func_array(Array, Array)
#4 [internal function]: ObjectCollection->trigger(Object(CakeEvent))
#5 /var/www/leviatan/lib/Cake/Event/CakeEventManager.php(246): call_user_func(Array, Object(CakeEvent))
#6 /var/www/leviatan/lib/Cake/Model/Model.php(1730): CakeEventManager->dispatch(Object(CakeEvent))
#7 /var/www/leviatan/app/Controller/UsersController.php(43): Model->save(Array)
#8 [internal function]: UsersController->add()
#9 /var/www/leviatan/lib/Cake/Controller/Controller.php(485): ReflectionMethod->invokeArgs(Object(UsersController), Array)
#10 /var/www/leviatan/lib/Cake/Routing/Dispatcher.php(103): Controller->invokeAction(Object(CakeRequest))
#11 /var/www/leviatan/lib/Cake/Routing/Dispatcher.php(85): Dispatcher->_invoke(Object(UsersController), Object(CakeRequest), Object(CakeResponse))
#12 /var/www/leviatan/app/webroot/index.php(92): Dispatcher->dispatch(Object(CakeRequest), Object(CakeResponse))
#13 {main}
2012-05-23 14:48:05 Error: [PDOException] SQLSTATE[23000]: Integrity constraint violation: 1062 Duplicate entry 'teste' for key 'username'
#0 /var/www/leviatan/lib/Cake/Model/Datasource/DboSource.php(437): PDOStatement->execute(Array)
#1 /var/www/leviatan/lib/Cake/Model/Datasource/DboSource.php(403): DboSource->_execute('INSERT INTO `le...', Array)
#2 /var/www/leviatan/lib/Cake/Model/Datasource/DboSource.php(985): DboSource->execute('INSERT INTO `le...')
#3 /var/www/leviatan/lib/Cake/Model/Model.php(1705): DboSource->create(Object(User), Array, Array)
#4 /var/www/leviatan/app/Controller/UsersController.php(43): Model->save(Array)
#5 [internal function]: UsersController->add()
#6 /var/www/leviatan/lib/Cake/Controller/Controller.php(485): ReflectionMethod->invokeArgs(Object(UsersController), Array)
#7 /var/www/leviatan/lib/Cake/Routing/Dispatcher.php(103): Controller->invokeAction(Object(CakeRequest))
#8 /var/www/leviatan/lib/Cake/Routing/Dispatcher.php(85): Dispatcher->_invoke(Object(UsersController), Object(CakeRequest), Object(CakeResponse))
#9 /var/www/leviatan/app/webroot/index.php(92): Dispatcher->dispatch(Object(CakeRequest), Object(CakeResponse))
#10 {main}
2012-05-23 14:48:13 Error: [PDOException] SQLSTATE[23000]: Integrity constraint violation: 1062 Duplicate entry 'admin' for key 'username'
#0 /var/www/leviatan/lib/Cake/Model/Datasource/DboSource.php(437): PDOStatement->execute(Array)
#1 /var/www/leviatan/lib/Cake/Model/Datasource/DboSource.php(403): DboSource->_execute('INSERT INTO `le...', Array)
#2 /var/www/leviatan/lib/Cake/Model/Datasource/DboSource.php(985): DboSource->execute('INSERT INTO `le...')
#3 /var/www/leviatan/lib/Cake/Model/Model.php(1705): DboSource->create(Object(User), Array, Array)
#4 /var/www/leviatan/app/Controller/UsersController.php(43): Model->save(Array)
#5 [internal function]: UsersController->add()
#6 /var/www/leviatan/lib/Cake/Controller/Controller.php(485): ReflectionMethod->invokeArgs(Object(UsersController), Array)
#7 /var/www/leviatan/lib/Cake/Routing/Dispatcher.php(103): Controller->invokeAction(Object(CakeRequest))
#8 /var/www/leviatan/lib/Cake/Routing/Dispatcher.php(85): Dispatcher->_invoke(Object(UsersController), Object(CakeRequest), Object(CakeResponse))
#9 /var/www/leviatan/app/webroot/index.php(92): Dispatcher->dispatch(Object(CakeRequest), Object(CakeResponse))
#10 {main}
2012-05-23 14:52:36 Error: [CakeException] AclNode::node() - Couldn't find Aro node identified by "Array
(
    [Aro0.model] => Group
    [Aro0.foreign_key] => 1
)
"
#0 /var/www/leviatan/lib/Cake/Model/Behavior/AclBehavior.php(88): AclNode->node(Array)
#1 /var/www/leviatan/lib/Cake/Model/Behavior/AclBehavior.php(106): AclBehavior->node(Object(User), Array, 'Aro')
#2 [internal function]: AclBehavior->afterSave(Object(User), true, Array)
#3 /var/www/leviatan/lib/Cake/Utility/ObjectCollection.php(130): call_user_func_array(Array, Array)
#4 [internal function]: ObjectCollection->trigger(Object(CakeEvent))
#5 /var/www/leviatan/lib/Cake/Event/CakeEventManager.php(246): call_user_func(Array, Object(CakeEvent))
#6 /var/www/leviatan/lib/Cake/Model/Model.php(1730): CakeEventManager->dispatch(Object(CakeEvent))
#7 /var/www/leviatan/app/Controller/UsersController.php(43): Model->save(Array)
#8 [internal function]: UsersController->add()
#9 /var/www/leviatan/lib/Cake/Controller/Controller.php(485): ReflectionMethod->invokeArgs(Object(UsersController), Array)
#10 /var/www/leviatan/lib/Cake/Routing/Dispatcher.php(103): Controller->invokeAction(Object(CakeRequest))
#11 /var/www/leviatan/lib/Cake/Routing/Dispatcher.php(85): Dispatcher->_invoke(Object(UsersController), Object(CakeRequest), Object(CakeResponse))
#12 /var/www/leviatan/app/webroot/index.php(92): Dispatcher->dispatch(Object(CakeRequest), Object(CakeResponse))
#13 {main}
2012-05-23 14:55:38 Error: [CakeException] AclNode::node() - Couldn't find Aro node identified by "Array
(
    [Aro0.model] => Group
    [Aro0.foreign_key] => 1
)
"
#0 /var/www/leviatan/lib/Cake/Model/Behavior/AclBehavior.php(88): AclNode->node(Array)
#1 /var/www/leviatan/lib/Cake/Model/Behavior/AclBehavior.php(106): AclBehavior->node(Object(User), Array, 'Aro')
#2 [internal function]: AclBehavior->afterSave(Object(User), true, Array)
#3 /var/www/leviatan/lib/Cake/Utility/ObjectCollection.php(130): call_user_func_array(Array, Array)
#4 [internal function]: ObjectCollection->trigger(Object(CakeEvent))
#5 /var/www/leviatan/lib/Cake/Event/CakeEventManager.php(246): call_user_func(Array, Object(CakeEvent))
#6 /var/www/leviatan/lib/Cake/Model/Model.php(1730): CakeEventManager->dispatch(Object(CakeEvent))
#7 /var/www/leviatan/app/Controller/UsersController.php(43): Model->save(Array)
#8 [internal function]: UsersController->add()
#9 /var/www/leviatan/lib/Cake/Controller/Controller.php(485): ReflectionMethod->invokeArgs(Object(UsersController), Array)
#10 /var/www/leviatan/lib/Cake/Routing/Dispatcher.php(103): Controller->invokeAction(Object(CakeRequest))
#11 /var/www/leviatan/lib/Cake/Routing/Dispatcher.php(85): Dispatcher->_invoke(Object(UsersController), Object(CakeRequest), Object(CakeResponse))
#12 /var/www/leviatan/app/webroot/index.php(92): Dispatcher->dispatch(Object(CakeRequest), Object(CakeResponse))
#13 {main}
2012-05-23 15:04:17 Error: [MissingControllerException] Controller class GroupsController could not be found.
#0 /var/www/leviatan/app/webroot/index.php(92): Dispatcher->dispatch(Object(CakeRequest), Object(CakeResponse))
#1 {main}
2012-05-23 15:10:01 Error: [CakeException] AclNode::node() - Couldn't find Aro node identified by "Array
(
    [Aro0.model] => Group
    [Aro0.foreign_key] => 2
)
"
#0 /var/www/leviatan/lib/Cake/Model/Behavior/AclBehavior.php(88): AclNode->node(Array)
#1 /var/www/leviatan/lib/Cake/Model/Behavior/AclBehavior.php(106): AclBehavior->node(Object(User), Array, 'Aro')
#2 [internal function]: AclBehavior->afterSave(Object(User), true, Array)
#3 /var/www/leviatan/lib/Cake/Utility/ObjectCollection.php(130): call_user_func_array(Array, Array)
#4 [internal function]: ObjectCollection->trigger(Object(CakeEvent))
#5 /var/www/leviatan/lib/Cake/Event/CakeEventManager.php(246): call_user_func(Array, Object(CakeEvent))
#6 /var/www/leviatan/lib/Cake/Model/Model.php(1730): CakeEventManager->dispatch(Object(CakeEvent))
#7 /var/www/leviatan/app/Controller/UsersController.php(43): Model->save(Array)
#8 [internal function]: UsersController->add()
#9 /var/www/leviatan/lib/Cake/Controller/Controller.php(485): ReflectionMethod->invokeArgs(Object(UsersController), Array)
#10 /var/www/leviatan/lib/Cake/Routing/Dispatcher.php(103): Controller->invokeAction(Object(CakeRequest))
#11 /var/www/leviatan/lib/Cake/Routing/Dispatcher.php(85): Dispatcher->_invoke(Object(UsersController), Object(CakeRequest), Object(CakeResponse))
#12 /var/www/leviatan/app/webroot/index.php(92): Dispatcher->dispatch(Object(CakeRequest), Object(CakeResponse))
#13 {main}
2012-05-23 15:19:11 Error: [PDOException] SQLSTATE[23000]: Integrity constraint violation: 1062 Duplicate entry 'testeae' for key 'username'
#0 /var/www/leviatan/lib/Cake/Model/Datasource/DboSource.php(437): PDOStatement->execute(Array)
#1 /var/www/leviatan/lib/Cake/Model/Datasource/DboSource.php(403): DboSource->_execute('INSERT INTO `le...', Array)
#2 /var/www/leviatan/lib/Cake/Model/Datasource/DboSource.php(985): DboSource->execute('INSERT INTO `le...')
#3 /var/www/leviatan/lib/Cake/Model/Model.php(1705): DboSource->create(Object(User), Array, Array)
#4 /var/www/leviatan/app/Controller/UsersController.php(43): Model->save(Array)
#5 [internal function]: UsersController->add()
#6 /var/www/leviatan/lib/Cake/Controller/Controller.php(485): ReflectionMethod->invokeArgs(Object(UsersController), Array)
#7 /var/www/leviatan/lib/Cake/Routing/Dispatcher.php(103): Controller->invokeAction(Object(CakeRequest))
#8 /var/www/leviatan/lib/Cake/Routing/Dispatcher.php(85): Dispatcher->_invoke(Object(UsersController), Object(CakeRequest), Object(CakeResponse))
#9 /var/www/leviatan/app/webroot/index.php(92): Dispatcher->dispatch(Object(CakeRequest), Object(CakeResponse))
#10 {main}
2012-05-23 15:19:47 Error: [PDOException] SQLSTATE[23000]: Integrity constraint violation: 1062 Duplicate entry 'testeae' for key 'username'
#0 /var/www/leviatan/lib/Cake/Model/Datasource/DboSource.php(437): PDOStatement->execute(Array)
#1 /var/www/leviatan/lib/Cake/Model/Datasource/DboSource.php(403): DboSource->_execute('INSERT INTO `le...', Array)
#2 /var/www/leviatan/lib/Cake/Model/Datasource/DboSource.php(985): DboSource->execute('INSERT INTO `le...')
#3 /var/www/leviatan/lib/Cake/Model/Model.php(1705): DboSource->create(Object(User), Array, Array)
#4 /var/www/leviatan/app/Controller/UsersController.php(43): Model->save(Array)
#5 [internal function]: UsersController->add()
#6 /var/www/leviatan/lib/Cake/Controller/Controller.php(485): ReflectionMethod->invokeArgs(Object(UsersController), Array)
#7 /var/www/leviatan/lib/Cake/Routing/Dispatcher.php(103): Controller->invokeAction(Object(CakeRequest))
#8 /var/www/leviatan/lib/Cake/Routing/Dispatcher.php(85): Dispatcher->_invoke(Object(UsersController), Object(CakeRequest), Object(CakeResponse))
#9 /var/www/leviatan/app/webroot/index.php(92): Dispatcher->dispatch(Object(CakeRequest), Object(CakeResponse))
#10 {main}
2012-05-23 15:22:32 Error: [PDOException] SQLSTATE[23000]: Integrity constraint violation: 1062 Duplicate entry 'as' for key 'username'
#0 /var/www/leviatan/lib/Cake/Model/Datasource/DboSource.php(437): PDOStatement->execute(Array)
#1 /var/www/leviatan/lib/Cake/Model/Datasource/DboSource.php(403): DboSource->_execute('INSERT INTO `le...', Array)
#2 /var/www/leviatan/lib/Cake/Model/Datasource/DboSource.php(985): DboSource->execute('INSERT INTO `le...')
#3 /var/www/leviatan/lib/Cake/Model/Model.php(1705): DboSource->create(Object(User), Array, Array)
#4 /var/www/leviatan/app/Controller/UsersController.php(43): Model->save(Array)
#5 [internal function]: UsersController->add()
#6 /var/www/leviatan/lib/Cake/Controller/Controller.php(485): ReflectionMethod->invokeArgs(Object(UsersController), Array)
#7 /var/www/leviatan/lib/Cake/Routing/Dispatcher.php(103): Controller->invokeAction(Object(CakeRequest))
#8 /var/www/leviatan/lib/Cake/Routing/Dispatcher.php(85): Dispatcher->_invoke(Object(UsersController), Object(CakeRequest), Object(CakeResponse))
#9 /var/www/leviatan/app/webroot/index.php(92): Dispatcher->dispatch(Object(CakeRequest), Object(CakeResponse))
#10 {main}
2012-05-23 15:22:37 Error: [PDOException] SQLSTATE[23000]: Integrity constraint violation: 1062 Duplicate entry 'as' for key 'username'
#0 /var/www/leviatan/lib/Cake/Model/Datasource/DboSource.php(437): PDOStatement->execute(Array)
#1 /var/www/leviatan/lib/Cake/Model/Datasource/DboSource.php(403): DboSource->_execute('INSERT INTO `le...', Array)
#2 /var/www/leviatan/lib/Cake/Model/Datasource/DboSource.php(985): DboSource->execute('INSERT INTO `le...')
#3 /var/www/leviatan/lib/Cake/Model/Model.php(1705): DboSource->create(Object(User), Array, Array)
#4 /var/www/leviatan/app/Controller/UsersController.php(43): Model->save(Array)
#5 [internal function]: UsersController->add()
#6 /var/www/leviatan/lib/Cake/Controller/Controller.php(485): ReflectionMethod->invokeArgs(Object(UsersController), Array)
#7 /var/www/leviatan/lib/Cake/Routing/Dispatcher.php(103): Controller->invokeAction(Object(CakeRequest))
#8 /var/www/leviatan/lib/Cake/Routing/Dispatcher.php(85): Dispatcher->_invoke(Object(UsersController), Object(CakeRequest), Object(CakeResponse))
#9 /var/www/leviatan/app/webroot/index.php(92): Dispatcher->dispatch(Object(CakeRequest), Object(CakeResponse))
#10 {main}
2012-05-23 15:22:55 Error: [PDOException] SQLSTATE[23000]: Integrity constraint violation: 1062 Duplicate entry 'sa' for key 'username'
#0 /var/www/leviatan/lib/Cake/Model/Datasource/DboSource.php(437): PDOStatement->execute(Array)
#1 /var/www/leviatan/lib/Cake/Model/Datasource/DboSource.php(403): DboSource->_execute('INSERT INTO `le...', Array)
#2 /var/www/leviatan/lib/Cake/Model/Datasource/DboSource.php(985): DboSource->execute('INSERT INTO `le...')
#3 /var/www/leviatan/lib/Cake/Model/Model.php(1705): DboSource->create(Object(User), Array, Array)
#4 /var/www/leviatan/app/Controller/UsersController.php(43): Model->save(Array)
#5 [internal function]: UsersController->add()
#6 /var/www/leviatan/lib/Cake/Controller/Controller.php(485): ReflectionMethod->invokeArgs(Object(UsersController), Array)
#7 /var/www/leviatan/lib/Cake/Routing/Dispatcher.php(103): Controller->invokeAction(Object(CakeRequest))
#8 /var/www/leviatan/lib/Cake/Routing/Dispatcher.php(85): Dispatcher->_invoke(Object(UsersController), Object(CakeRequest), Object(CakeResponse))
#9 /var/www/leviatan/app/webroot/index.php(92): Dispatcher->dispatch(Object(CakeRequest), Object(CakeResponse))
#10 {main}
2012-05-23 15:24:42 Error: [CakeException] AclNode::node() - Couldn't find Aro node identified by "Array
(
    [Aro0.model] => Group
    [Aro0.foreign_key] => 3
)
"
#0 /var/www/leviatan/lib/Cake/Model/Behavior/AclBehavior.php(88): AclNode->node(Array)
#1 /var/www/leviatan/lib/Cake/Model/Behavior/AclBehavior.php(108): AclBehavior->node(Object(User), Array, 'Aro')
#2 [internal function]: AclBehavior->afterSave(Object(User), true, Array)
#3 /var/www/leviatan/lib/Cake/Utility/ObjectCollection.php(130): call_user_func_array(Array, Array)
#4 [internal function]: ObjectCollection->trigger(Object(CakeEvent))
#5 /var/www/leviatan/lib/Cake/Event/CakeEventManager.php(246): call_user_func(Array, Object(CakeEvent))
#6 /var/www/leviatan/lib/Cake/Model/Model.php(1730): CakeEventManager->dispatch(Object(CakeEvent))
#7 /var/www/leviatan/app/Controller/UsersController.php(43): Model->save(Array)
#8 [internal function]: UsersController->add()
#9 /var/www/leviatan/lib/Cake/Controller/Controller.php(485): ReflectionMethod->invokeArgs(Object(UsersController), Array)
#10 /var/www/leviatan/lib/Cake/Routing/Dispatcher.php(103): Controller->invokeAction(Object(CakeRequest))
#11 /var/www/leviatan/lib/Cake/Routing/Dispatcher.php(85): Dispatcher->_invoke(Object(UsersController), Object(CakeRequest), Object(CakeResponse))
#12 /var/www/leviatan/app/webroot/index.php(92): Dispatcher->dispatch(Object(CakeRequest), Object(CakeResponse))
#13 {main}
2012-05-23 15:25:25 Error: [CakeException] AclNode::node() - Couldn't find Aro node identified by "Array
(
    [Aro0.model] => Group
    [Aro0.foreign_key] => 1
)
"
#0 /var/www/leviatan/lib/Cake/Model/Behavior/AclBehavior.php(88): AclNode->node(Array)
#1 /var/www/leviatan/lib/Cake/Model/Behavior/AclBehavior.php(107): AclBehavior->node(Object(User), Array, 'Aro')
#2 [internal function]: AclBehavior->afterSave(Object(User), true, Array)
#3 /var/www/leviatan/lib/Cake/Utility/ObjectCollection.php(130): call_user_func_array(Array, Array)
#4 [internal function]: ObjectCollection->trigger(Object(CakeEvent))
#5 /var/www/leviatan/lib/Cake/Event/CakeEventManager.php(246): call_user_func(Array, Object(CakeEvent))
#6 /var/www/leviatan/lib/Cake/Model/Model.php(1730): CakeEventManager->dispatch(Object(CakeEvent))
#7 /var/www/leviatan/app/Controller/UsersController.php(43): Model->save(Array)
#8 [internal function]: UsersController->add()
#9 /var/www/leviatan/lib/Cake/Controller/Controller.php(485): ReflectionMethod->invokeArgs(Object(UsersController), Array)
#10 /var/www/leviatan/lib/Cake/Routing/Dispatcher.php(103): Controller->invokeAction(Object(CakeRequest))
#11 /var/www/leviatan/lib/Cake/Routing/Dispatcher.php(85): Dispatcher->_invoke(Object(UsersController), Object(CakeRequest), Object(CakeResponse))
#12 /var/www/leviatan/app/webroot/index.php(92): Dispatcher->dispatch(Object(CakeRequest), Object(CakeResponse))
#13 {main}
2012-05-23 15:25:38 Error: [CakeException] AclNode::node() - Couldn't find Aro node identified by "Array
(
    [Aro0.model] => Group
    [Aro0.foreign_key] => 1
)
"
#0 /var/www/leviatan/lib/Cake/Model/Behavior/AclBehavior.php(88): AclNode->node(Array)
#1 /var/www/leviatan/lib/Cake/Model/Behavior/AclBehavior.php(107): AclBehavior->node(Object(User), Array, 'Aro')
#2 [internal function]: AclBehavior->afterSave(Object(User), true, Array)
#3 /var/www/leviatan/lib/Cake/Utility/ObjectCollection.php(130): call_user_func_array(Array, Array)
#4 [internal function]: ObjectCollection->trigger(Object(CakeEvent))
#5 /var/www/leviatan/lib/Cake/Event/CakeEventManager.php(246): call_user_func(Array, Object(CakeEvent))
#6 /var/www/leviatan/lib/Cake/Model/Model.php(1730): CakeEventManager->dispatch(Object(CakeEvent))
#7 /var/www/leviatan/app/Controller/UsersController.php(43): Model->save(Array)
#8 [internal function]: UsersController->add()
#9 /var/www/leviatan/lib/Cake/Controller/Controller.php(485): ReflectionMethod->invokeArgs(Object(UsersController), Array)
#10 /var/www/leviatan/lib/Cake/Routing/Dispatcher.php(103): Controller->invokeAction(Object(CakeRequest))
#11 /var/www/leviatan/lib/Cake/Routing/Dispatcher.php(85): Dispatcher->_invoke(Object(UsersController), Object(CakeRequest), Object(CakeResponse))
#12 /var/www/leviatan/app/webroot/index.php(92): Dispatcher->dispatch(Object(CakeRequest), Object(CakeResponse))
#13 {main}
2012-05-23 15:43:44 Error: [CakeException] AclNode::node() - Couldn't find Aro node identified by "Array
(
    [Aro0.model] => Group
    [Aro0.foreign_key] => 1
)
"
#0 /var/www/leviatan/lib/Cake/Model/Behavior/AclBehavior.php(88): AclNode->node(Array)
#1 /var/www/leviatan/lib/Cake/Model/Behavior/AclBehavior.php(106): AclBehavior->node(Object(User), Array, 'Aro')
#2 [internal function]: AclBehavior->afterSave(Object(User), true, Array)
#3 /var/www/leviatan/lib/Cake/Utility/ObjectCollection.php(130): call_user_func_array(Array, Array)
#4 [internal function]: ObjectCollection->trigger(Object(CakeEvent))
#5 /var/www/leviatan/lib/Cake/Event/CakeEventManager.php(246): call_user_func(Array, Object(CakeEvent))
#6 /var/www/leviatan/lib/Cake/Model/Model.php(1730): CakeEventManager->dispatch(Object(CakeEvent))
#7 /var/www/leviatan/app/Controller/UsersController.php(43): Model->save(Array)
#8 [internal function]: UsersController->add()
#9 /var/www/leviatan/lib/Cake/Controller/Controller.php(485): ReflectionMethod->invokeArgs(Object(UsersController), Array)
#10 /var/www/leviatan/lib/Cake/Routing/Dispatcher.php(103): Controller->invokeAction(Object(CakeRequest))
#11 /var/www/leviatan/lib/Cake/Routing/Dispatcher.php(85): Dispatcher->_invoke(Object(UsersController), Object(CakeRequest), Object(CakeResponse))
#12 /var/www/leviatan/app/webroot/index.php(92): Dispatcher->dispatch(Object(CakeRequest), Object(CakeResponse))
#13 {main}
2012-05-23 15:59:37 Error: [CakeException] AclNode::node() - Couldn't find Aro node identified by "Array
(
    [Aro0.model] => Group
    [Aro0.foreign_key] => 1
)
"
#0 /var/www/leviatan/lib/Cake/Model/Behavior/AclBehavior.php(88): AclNode->node(Array)
#1 /var/www/leviatan/lib/Cake/Model/Behavior/AclBehavior.php(106): AclBehavior->node(Object(User), Array, 'Aro')
#2 [internal function]: AclBehavior->afterSave(Object(User), true, Array)
#3 /var/www/leviatan/lib/Cake/Utility/ObjectCollection.php(130): call_user_func_array(Array, Array)
#4 [internal function]: ObjectCollection->trigger(Object(CakeEvent))
#5 /var/www/leviatan/lib/Cake/Event/CakeEventManager.php(246): call_user_func(Array, Object(CakeEvent))
#6 /var/www/leviatan/lib/Cake/Model/Model.php(1730): CakeEventManager->dispatch(Object(CakeEvent))
#7 /var/www/leviatan/app/Controller/UsersController.php(43): Model->save(Array)
#8 [internal function]: UsersController->add()
#9 /var/www/leviatan/lib/Cake/Controller/Controller.php(485): ReflectionMethod->invokeArgs(Object(UsersController), Array)
#10 /var/www/leviatan/lib/Cake/Routing/Dispatcher.php(103): Controller->invokeAction(Object(CakeRequest))
#11 /var/www/leviatan/lib/Cake/Routing/Dispatcher.php(85): Dispatcher->_invoke(Object(UsersController), Object(CakeRequest), Object(CakeResponse))
#12 /var/www/leviatan/app/webroot/index.php(92): Dispatcher->dispatch(Object(CakeRequest), Object(CakeResponse))
#13 {main}
2012-05-23 16:01:44 Error: [CakeException] AclNode::node() - Couldn't find Aro node identified by "Array
(
    [Aro0.model] => Group
    [Aro0.foreign_key] => 1
)
"
#0 /var/www/leviatan/lib/Cake/Model/Behavior/AclBehavior.php(88): AclNode->node(Array)
#1 /var/www/leviatan/lib/Cake/Model/Behavior/AclBehavior.php(106): AclBehavior->node(Object(User), Array, 'Aro')
#2 [internal function]: AclBehavior->afterSave(Object(User), true, Array)
#3 /var/www/leviatan/lib/Cake/Utility/ObjectCollection.php(130): call_user_func_array(Array, Array)
#4 [internal function]: ObjectCollection->trigger(Object(CakeEvent))
#5 /var/www/leviatan/lib/Cake/Event/CakeEventManager.php(246): call_user_func(Array, Object(CakeEvent))
#6 /var/www/leviatan/lib/Cake/Model/Model.php(1730): CakeEventManager->dispatch(Object(CakeEvent))
#7 /var/www/leviatan/app/Controller/UsersController.php(43): Model->save(Array)
#8 [internal function]: UsersController->add()
#9 /var/www/leviatan/lib/Cake/Controller/Controller.php(485): ReflectionMethod->invokeArgs(Object(UsersController), Array)
#10 /var/www/leviatan/lib/Cake/Routing/Dispatcher.php(103): Controller->invokeAction(Object(CakeRequest))
#11 /var/www/leviatan/lib/Cake/Routing/Dispatcher.php(85): Dispatcher->_invoke(Object(UsersController), Object(CakeRequest), Object(CakeResponse))
#12 /var/www/leviatan/app/webroot/index.php(92): Dispatcher->dispatch(Object(CakeRequest), Object(CakeResponse))
#13 {main}
2012-05-23 16:01:59 Error: [PDOException] SQLSTATE[23000]: Integrity constraint violation: 1062 Duplicate entry 'teste' for key 'username'
#0 /var/www/leviatan/lib/Cake/Model/Datasource/DboSource.php(437): PDOStatement->execute(Array)
#1 /var/www/leviatan/lib/Cake/Model/Datasource/DboSource.php(403): DboSource->_execute('INSERT INTO `le...', Array)
#2 /var/www/leviatan/lib/Cake/Model/Datasource/DboSource.php(985): DboSource->execute('INSERT INTO `le...')
#3 /var/www/leviatan/lib/Cake/Model/Model.php(1705): DboSource->create(Object(User), Array, Array)
#4 /var/www/leviatan/app/Controller/UsersController.php(43): Model->save(Array)
#5 [internal function]: UsersController->add()
#6 /var/www/leviatan/lib/Cake/Controller/Controller.php(485): ReflectionMethod->invokeArgs(Object(UsersController), Array)
#7 /var/www/leviatan/lib/Cake/Routing/Dispatcher.php(103): Controller->invokeAction(Object(CakeRequest))
#8 /var/www/leviatan/lib/Cake/Routing/Dispatcher.php(85): Dispatcher->_invoke(Object(UsersController), Object(CakeRequest), Object(CakeResponse))
#9 /var/www/leviatan/app/webroot/index.php(92): Dispatcher->dispatch(Object(CakeRequest), Object(CakeResponse))
#10 {main}
